Build started 10/11/2015 8:21:04 PM.
     1>Project "C:\Users\ailyn\Documents\Visual Studio 2013\Projects\GraphIO\GraphIO.vcxproj" on node 2 (Build target(s)).
     1>C:\Program Files (x86)\MSBuild\Microsoft.Cpp\v4.0\V120\Microsoft.CppBuild.targets(388,5): warning MSB8028: The intermediate directory (Debug\) contains files shared from another project (Graphing.vcxproj).  This can lead to incorrect clean and rebuild behavior.
     1>ClCompile:
         C:\Program Files (x86)\Microsoft Visual Studio 12.0\VC\bin\CL.exe /c /I"C:\SFML-2.3.1-32b\include" /ZI /nologo /W3 /WX- /sdl /Od /Oy- /D WIN32 /D _DEBUG /D _CONSOLE /D _LIB /D _UNICODE /D UNICODE /Gm /EHsc /RTC1 /MDd /GS /fp:precise /Zc:wchar_t /Zc:forScope /Fo"Debug\\" /Fd"Debug\vc120.pdb" /Gd /TP /analyze- /errorReport:prompt IOGraphs.cpp JoystickView.cpp
         JoystickView.cpp
     1>c:\users\ailyn\documents\visual studio 2013\projects\graphio\joystickview.cpp(14): warning C4244: '=' : conversion from 'double' to 'uint32_t', possible loss of data
     1>c:\users\ailyn\documents\visual studio 2013\projects\graphio\joystickview.cpp(15): warning C4244: '=' : conversion from 'double' to 'int32_t', possible loss of data
         IOGraphs.cpp
     1>c:\users\ailyn\documents\visual studio 2013\projects\graphio\iographs.cpp(9): warning C4244: 'argument' : conversion from 'float' to 'unsigned int', possible loss of data
     1>c:\users\ailyn\documents\visual studio 2013\projects\graphio\iographs.cpp(70): warning C4244: 'argument' : conversion from 'int' to 'float', possible loss of data
     1>c:\users\ailyn\documents\visual studio 2013\projects\graphio\iographs.cpp(81): warning C4244: 'argument' : conversion from 'float' to 'int', possible loss of data
     1>c:\users\ailyn\documents\visual studio 2013\projects\graphio\iographs.cpp(94): warning C4244: 'initializing' : conversion from 'std::chrono::system_clock::rep' to 'unsigned int', possible loss of data
     1>c:\users\ailyn\documents\visual studio 2013\projects\graphio\iographs.cpp(109): warning C4244: '=' : conversion from 'double' to 'float', possible loss of data
     1>c:\users\ailyn\documents\visual studio 2013\projects\graphio\iographs.cpp(110): warning C4244: '=' : conversion from 'double' to 'float', possible loss of data
         Generating Code...
       Link:
         C:\Program Files (x86)\Microsoft Visual Studio 12.0\VC\bin\link.exe /ERRORREPORT:PROMPT /OUT:"C:\Users\ailyn\Documents\Visual Studio 2013\Projects\GraphIO\Debug\GraphIO.exe" /INCREMENTAL /NOLOGO /LIBPATH:"C:\SFML-2.3.1-32b\lib" /LIBPATH:"C:\SFML\SFML-2.1\Libs\Debug" "sfml-graphics-d.lib" "sfml-window-d.lib" "sfml-system-d.lib" "sfml-audio-d.lib" kernel32.lib user32.lib gdi32.lib winspool.lib comdlg32.lib advapi32.lib shell32.lib ole32.lib oleaut32.lib uuid.lib odbc32.lib odbccp32.lib /MANIFEST /MANIFESTUAC:"level='asInvoker' uiAccess='false'" /manifest:embed /DEBUG /PDB:"C:\Users\ailyn\Documents\Visual Studio 2013\Projects\GraphIO\Debug\GraphIO.pdb" /SUBSYSTEM:CONSOLE /TLBID:1 /DYNAMICBASE /NXCOMPAT /IMPLIB:"C:\Users\ailyn\Documents\Visual Studio 2013\Projects\GraphIO\Debug\GraphIO.lib" /MACHINE:X86 Debug\Button.obj
         Debug\JoystickView.obj
         Debug\GraphLine.obj
         Debug\Graph.obj
         Debug\IOGraphs.obj
         Debug\Main.obj
         Debug\Scroller.obj
         Debug\Win_UDP_Listener.obj
         GraphIO.vcxproj -> C:\Users\ailyn\Documents\Visual Studio 2013\Projects\GraphIO\Debug\GraphIO.exe
     1>Done Building Project "C:\Users\ailyn\Documents\Visual Studio 2013\Projects\GraphIO\GraphIO.vcxproj" (Build target(s)).

Build succeeded.

Time Elapsed 00:00:06.03
